<?xml version="1.0" encoding="UTF-8"?>
<!-- Generated by org.testng.reporters.JUnitXMLReporter -->
<testsuite ignored="0" hostname="DESKTOP-BJ91MAS" failures="0" tests="5" name="Default test" time="5.845" errors="0" timestamp="2023-05-28T12:04:09 AST">
  <testcase classname="testcases" name="Check_The_Website_Language" time="2.226"/>
  <testcase classname="testcases" name="Defult_Currency_SAR" time="0.077"/>
  <testcase classname="testcases" name="Hotels_Tab_Is_Not_Selected" time="0.073"/>
  <testcase classname="testcases" name="Location_Field" time="2.191"/>
  <testcase classname="testcases" name="Test_Qitaf_Logo" time="1.198"/>
</testsuite> <!-- Default test -->
